# JRE version: Java(TM) SE Runtime Environment (17.0+35) (build 17+35-LTS-2724)
# Java VM: Java HotSpot(TM) 64-Bit Server VM (17+35-LTS-2724, mixed mode, sharing, tiered, compressed oops, compressed class ptrs, g1 gc, windows-amd64)
GC Precious Log:
 CPUs: 8 total, 8 available
 Memory: 16165M
 Large Page Support: Disabled
 NUMA Support: Disabled
 Compressed Oops: Enabled (Zero based)
 Heap Region Size: 2M
 Heap Min Capacity: 8M
 Heap Initial Capacity: 254M
 Heap Max Capacity: 4042M
 Pre-touch: Disabled
 Parallel Workers: 8
 Concurrent Workers: 2
 Concurrent Refinement Workers: 8
 Periodic GC: Disabled
Heap:
 garbage-first heap   total 98304K, used 66690K [0x0000000703600000, 0x0000000800000000)
  region size 2048K, 21 young (43008K), 3 survivors (6144K)
 Metaspace       used 62229K, committed 62720K, reserved 1105920K
  class space    used 7924K, committed 8192K, reserved 1048576K
GC Heap History (20 events):
Event: 2.941 GC heap before
{Heap before GC invocations=10 (full 0):
 garbage-first heap   total 157696K, used 32600K [0x0000000703600000, 0x0000000800000000)
  region size 2048K, 10 young (20480K), 1 survivors (2048K)
 Metaspace       used 35621K, committed 35968K, reserved 1081344K
  class space    used 4591K, committed 4736K, reserved 1048576K
}
Event: 2.942 GC heap after
{Heap after GC invocations=11 (full 0):
 garbage-first heap   total 157696K, used 17047K [0x0000000703600000, 0x0000000800000000)
  region size 2048K, 1 young (2048K), 1 survivors (2048K)
 Metaspace       used 35621K, committed 35968K, reserved 1081344K
  class space    used 4591K, committed 4736K, reserved 1048576K
}
Event: 3.799 GC heap before
{Heap before GC invocations=12 (full 0):
 garbage-first heap   total 69632K, used 55959K [0x0000000703600000, 0x0000000800000000)
  region size 2048K, 20 young (40960K), 1 survivors (2048K)
 Metaspace       used 45695K, committed 46016K, reserved 1089536K
  class space    used 5980K, committed 6144K, reserved 1048576K
}
Event: 3.803 GC heap after
{Heap after GC invocations=13 (full 0):
 garbage-first heap   total 69632K, used 20278K [0x0000000703600000, 0x0000000800000000)
  region size 2048K, 3 young (6144K), 3 survivors (6144K)
 Metaspace       used 45695K, committed 46016K, reserved 1089536K
  class space    used 5980K, committed 6144K, reserved 1048576K
}
Event: 3.830 GC heap before
{Heap before GC invocations=13 (full 0):
 garbage-first heap   total 69632K, used 22326K [0x0000000703600000, 0x0000000800000000)
  region size 2048K, 4 young (8192K), 3 survivors (6144K)
 Metaspace       used 45851K, committed 46272K, reserved 1089536K
  class space    used 5998K, committed 6208K, reserved 1048576K
}
Event: 3.833 GC heap after
{Heap after GC invocations=14 (full 0):
 garbage-first heap   total 69632K, used 20738K [0x0000000703600000, 0x0000000800000000)
  region size 2048K, 1 young (2048K), 1 survivors (2048K)
 Metaspace       used 45851K, committed 46272K, reserved 1089536K
  class space    used 5998K, committed 6208K, reserved 1048576K
}
Event: 4.077 GC heap before
{Heap before GC invocations=14 (full 0):
 garbage-first heap   total 69632K, used 51458K [0x0000000703600000, 0x0000000800000000)
  region size 2048K, 16 young (32768K), 1 survivors (2048K)
 Metaspace       used 47527K, committed 47936K, reserved 1097728K
  class space    used 6187K, committed 6400K, reserved 1048576K
}
Event: 4.079 GC heap after
{Heap after GC invocations=15 (full 0):
 garbage-first heap   total 69632K, used 21194K [0x0000000703600000, 0x0000000800000000)
  region size 2048K, 1 young (2048K), 1 survivors (2048K)
 Metaspace       used 47527K, committed 47936K, reserved 1097728K
  class space    used 6187K, committed 6400K, reserved 1048576K
}
Event: 4.437 GC heap before
{Heap before GC invocations=15 (full 0):
 garbage-first heap   total 69632K, used 51914K [0x0000000703600000, 0x0000000800000000)
  region size 2048K, 16 young (32768K), 1 survivors (2048K)
 Metaspace       used 48584K, committed 48960K, reserved 1097728K
  class space    used 6275K, committed 6464K, reserved 1048576K
}
Event: 4.440 GC heap after
{Heap after GC invocations=16 (full 0):
 garbage-first heap   total 69632K, used 22935K [0x0000000703600000, 0x0000000800000000)
  region size 2048K, 2 young (4096K), 2 survivors (4096K)
 Metaspace       used 48584K, committed 48960K, reserved 1097728K
  class space    used 6275K, committed 6464K, reserved 1048576K
}
Event: 4.732 GC heap before
{Heap before GC invocations=16 (full 0):
 garbage-first heap   total 69632K, used 53655K [0x0000000703600000, 0x0000000800000000)
  region size 2048K, 17 young (34816K), 2 survivors (4096K)
 Metaspace       used 51106K, committed 51520K, reserved 1097728K
  class space    used 6603K, committed 6784K, reserved 1048576K
}
Event: 4.735 GC heap after
{Heap after GC invocations=17 (full 0):
 garbage-first heap   total 69632K, used 24165K [0x0000000703600000, 0x0000000800000000)
  region size 2048K, 2 young (4096K), 2 survivors (4096K)
 Metaspace       used 51106K, committed 51520K, reserved 1097728K
  class space    used 6603K, committed 6784K, reserved 1048576K
}
Event: 4.964 GC heap before
{Heap before GC invocations=17 (full 0):
 garbage-first heap   total 69632K, used 54885K [0x0000000703600000, 0x0000000800000000)
  region size 2048K, 17 young (34816K), 2 survivors (4096K)
 Metaspace       used 53249K, committed 53632K, reserved 1097728K
  class space    used 6839K, committed 7040K, reserved 1048576K
}
Event: 4.967 GC heap after
{Heap after GC invocations=18 (full 0):
 garbage-first heap   total 69632K, used 25628K [0x0000000703600000, 0x0000000800000000)
  region size 2048K, 3 young (6144K), 3 survivors (6144K)
 Metaspace       used 53249K, committed 53632K, reserved 1097728K
  class space    used 6839K, committed 7040K, reserved 1048576K
}
Event: 5.108 GC heap before
{Heap before GC invocations=18 (full 0):
 garbage-first heap   total 69632K, used 52252K [0x0000000703600000, 0x0000000800000000)
  region size 2048K, 16 young (32768K), 3 survivors (6144K)
 Metaspace       used 53631K, committed 54016K, reserved 1097728K
  class space    used 6856K, committed 7040K, reserved 1048576K
}
Event: 5.113 GC heap after
{Heap after GC invocations=19 (full 0):
 garbage-first heap   total 98304K, used 27055K [0x0000000703600000, 0x0000000800000000)
  region size 2048K, 2 young (4096K), 2 survivors (4096K)
 Metaspace       used 53631K, committed 54016K, reserved 1097728K
  class space    used 6856K, committed 7040K, reserved 1048576K
}
Event: 6.234 GC heap before
{Heap before GC invocations=19 (full 0):
 garbage-first heap   total 98304K, used 76207K [0x0000000703600000, 0x0000000800000000)
  region size 2048K, 26 young (53248K), 2 survivors (4096K)
 Metaspace       used 58425K, committed 58816K, reserved 1105920K
  class space    used 7459K, committed 7616K, reserved 1048576K
}
Event: 6.239 GC heap after
{Heap after GC invocations=20 (full 0):
 garbage-first heap   total 98304K, used 30467K [0x0000000703600000, 0x0000000800000000)
  region size 2048K, 4 young (8192K), 4 survivors (8192K)
 Metaspace       used 58425K, committed 58816K, reserved 1105920K
  class space    used 7459K, committed 7616K, reserved 1048576K
}
Event: 6.385 GC heap before
{Heap before GC invocations=20 (full 0):
 garbage-first heap   total 98304K, used 40707K [0x0000000703600000, 0x0000000800000000)
  region size 2048K, 10 young (20480K), 4 survivors (8192K)
 Metaspace       used 59917K, committed 60288K, reserved 1105920K
  class space    used 7675K, committed 7872K, reserved 1048576K
}
Event: 6.390 GC heap after
{Heap after GC invocations=21 (full 0):
 garbage-first heap   total 98304K, used 31874K [0x0000000703600000, 0x0000000800000000)
  region size 2048K, 3 young (6144K), 3 survivors (6144K)
 Metaspace       used 59917K, committed 60288K, reserved 1105920K
  class space    used 7675K, committed 7872K, reserved 1048576K
}

